Determining if the pthread_create exist failed with the following output:
Change Dir: /home/armcross/armnn/build/CMakeFiles/CMakeTmp

Run Build Command:"/usr/bin/make" "cmTC_cece2/fast"
/usr/bin/make -f CMakeFiles/cmTC_cece2.dir/build.make CMakeFiles/cmTC_cece2.dir/build
make[1]: Entering directory '/home/armcross/armnn/build/CMakeFiles/CMakeTmp'
Building C object CMakeFiles/cmTC_cece2.dir/CheckSymbolExists.c.o
/usr/bin/aarch64-linux-gnu-gcc    -fPIE   -o CMakeFiles/cmTC_cece2.dir/CheckSymbolExists.c.o   -c /home/armcross/armnn/build/CMakeFiles/CMakeTmp/CheckSymbolExists.c
Linking C executable cmTC_cece2
/usr/bin/cmake -E cmake_link_script CMakeFiles/cmTC_cece2.dir/link.txt --verbose=1
/usr/bin/aarch64-linux-gnu-gcc       CMakeFiles/cmTC_cece2.dir/CheckSymbolExists.c.o  -o cmTC_cece2 -rdynamic 
CMakeFiles/cmTC_cece2.dir/CheckSymbolExists.c.o: In function `main':
CheckSymbolExists.c:(.text+0x14): undefined reference to `pthread_create'
CheckSymbolExists.c:(.text+0x18): undefined reference to `pthread_create'
collect2: error: ld returned 1 exit status
CMakeFiles/cmTC_cece2.dir/build.make:97: recipe for target 'cmTC_cece2' failed
make[1]: *** [cmTC_cece2] Error 1
make[1]: Leaving directory '/home/armcross/armnn/build/CMakeFiles/CMakeTmp'
Makefile:126: recipe for target 'cmTC_cece2/fast' failed
make: *** [cmTC_cece2/fast] Error 2

File /home/armcross/armnn/build/CMakeFiles/CMakeTmp/CheckSymbolExists.c:
/* */
#include <pthread.h>

int main(int argc, char** argv)
{
  (void)argv;
#ifndef pthread_create
  return ((int*)(&pthread_create))[argc];
#else
  (void)argc;
  return 0;
#endif
}

Determining if the function pthread_create exists in the pthreads failed with the following output:
Change Dir: /home/armcross/armnn/build/CMakeFiles/CMakeTmp

Run Build Command:"/usr/bin/make" "cmTC_c2bc9/fast"
/usr/bin/make -f CMakeFiles/cmTC_c2bc9.dir/build.make CMakeFiles/cmTC_c2bc9.dir/build
make[1]: Entering directory '/home/armcross/armnn/build/CMakeFiles/CMakeTmp'
Building C object CMakeFiles/cmTC_c2bc9.dir/CheckFunctionExists.c.o
/usr/bin/aarch64-linux-gnu-gcc    -DCHECK_FUNCTION_EXISTS=pthread_create -fPIE   -o CMakeFiles/cmTC_c2bc9.dir/CheckFunctionExists.c.o   -c /usr/share/cmake-3.5/Modules/CheckFunctionExists.c
Linking C executable cmTC_c2bc9
/usr/bin/cmake -E cmake_link_script CMakeFiles/cmTC_c2bc9.dir/link.txt --verbose=1
/usr/bin/aarch64-linux-gnu-gcc   -DCHECK_FUNCTION_EXISTS=pthread_create    CMakeFiles/cmTC_c2bc9.dir/CheckFunctionExists.c.o  -o cmTC_c2bc9 -rdynamic -lpthreads 
/usr/lib/gcc-cross/aarch64-linux-gnu/5/../../../../aarch64-linux-gnu/bin/ld: cannot find -lpthreads
collect2: error: ld returned 1 exit status
CMakeFiles/cmTC_c2bc9.dir/build.make:97: recipe for target 'cmTC_c2bc9' failed
make[1]: *** [cmTC_c2bc9] Error 1
make[1]: Leaving directory '/home/armcross/armnn/build/CMakeFiles/CMakeTmp'
Makefile:126: recipe for target 'cmTC_c2bc9/fast' failed
make: *** [cmTC_c2bc9/fast] Error 2


Determining if the include file valgrind/memcheck.h exists failed with the following output:
Change Dir: /home/armcross/armnn/build/CMakeFiles/CMakeTmp

Run Build Command:"/usr/bin/make" "cmTC_47414/fast"
/usr/bin/make -f CMakeFiles/cmTC_47414.dir/build.make CMakeFiles/cmTC_47414.dir/build
make[1]: Entering directory '/home/armcross/armnn/build/CMakeFiles/CMakeTmp'
Building C object CMakeFiles/cmTC_47414.dir/CheckIncludeFile.c.o
/usr/bin/aarch64-linux-gnu-gcc    -fPIE   -o CMakeFiles/cmTC_47414.dir/CheckIncludeFile.c.o   -c /home/armcross/armnn/build/CMakeFiles/CMakeTmp/CheckIncludeFile.c
/home/armcross/armnn/build/CMakeFiles/CMakeTmp/CheckIncludeFile.c:1:31: fatal error: valgrind/memcheck.h: No such file or directory
compilation terminated.
CMakeFiles/cmTC_47414.dir/build.make:65: recipe for target 'CMakeFiles/cmTC_47414.dir/CheckIncludeFile.c.o' failed
make[1]: *** [CMakeFiles/cmTC_47414.dir/CheckIncludeFile.c.o] Error 1
make[1]: Leaving directory '/home/armcross/armnn/build/CMakeFiles/CMakeTmp'
Makefile:126: recipe for target 'cmTC_47414/fast' failed
make: *** [cmTC_47414/fast] Error 2


